<?xml version="1.0" encoding="UTF-8"?>
<!-- Generated by org.testng.reporters.JUnitXMLReporter -->
<testsuite hostname="DESKTOP-TP94IGN" name="Default test" tests="3" failures="0" timestamp="14 Dec 2017 06:52:47 GMT" time="53.631" errors="0">
  <testcase name="browserlanch" time="18.252" classname="com.selenium.learning.firefoxprofileini"/>
  <testcase name="browserlanch" time="13.71" classname="com.selenium.learning.firefoxprofileini"/>
  <testcase name="browserlanch" time="21.634" classname="com.selenium.learning.firefoxprofileini"/>
</testsuite> <!-- Default test -->
