<?xml version="1.0" encoding="UTF-8"?>
<testng-results skipped="0" failed="0" total="3" passed="3">
  <reporter-output>
  </reporter-output>
  <suite name="Default suite" duration-ms="53631" started-at="2017-12-14T06:51:53Z" finished-at="2017-12-14T06:52:47Z">
    <groups>
    </groups>
    <test name="Default test" duration-ms="53631" started-at="2017-12-14T06:51:53Z" finished-at="2017-12-14T06:52:47Z">
      <class name="com.selenium.learning.firefoxprofileini">
        <test-method status="PASS" signature="browserlanch(java.lang.String, java.lang.String)[pri:0, instance:com.selenium.learning.firefoxprofileini@1ff8b8f]" name="browserlanch" duration-ms="18252" started-at="2017-12-14T12:21:53Z" data-provider="getdata" finished-at="2017-12-14T12:22:12Z">
          <params>
            <param index="0">
              <value>
                <![CDATA[Mozilla]]>
              </value>
            </param>
            <param index="1">
              <value>
                <![CDATA[user1]]>
              </value>
            </param>
          </params>
          <reporter-output>
          </reporter-output>
        </test-method> <!-- browserlanch -->
        <test-method status="PASS" signature="browserlanch(java.lang.String, java.lang.String)[pri:0, instance:com.selenium.learning.firefoxprofileini@1ff8b8f]" name="browserlanch" duration-ms="13710" started-at="2017-12-14T12:22:12Z" data-provider="getdata" finished-at="2017-12-14T12:22:25Z">
          <params>
            <param index="0">
              <value>
                <![CDATA[Chrome]]>
              </value>
            </param>
            <param index="1">
              <value>
                <![CDATA[user2]]>
              </value>
            </param>
          </params>
          <reporter-output>
          </reporter-output>
        </test-method> <!-- browserlanch -->
        <test-method status="PASS" signature="browserlanch(java.lang.String, java.lang.String)[pri:0, instance:com.selenium.learning.firefoxprofileini@1ff8b8f]" name="browserlanch" duration-ms="21634" started-at="2017-12-14T12:22:25Z" data-provider="getdata" finished-at="2017-12-14T12:22:47Z">
          <params>
            <param index="0">
              <value>
                <![CDATA[IE]]>
              </value>
            </param>
            <param index="1">
              <value>
                <![CDATA[user3]]>
              </value>
            </param>
          </params>
          <reporter-output>
          </reporter-output>
        </test-method> <!-- browserlanch -->
      </class> <!-- com.selenium.learning.firefoxprofileini -->
    </test> <!-- Default test -->
  </suite> <!-- Default suite -->
</testng-results>
